
> kylesadventureplanner-reliability@1.0.0 reliability:smoke
> playwright test tests/reliability-smoke.spec.js


Running 4 tests using 1 worker

  ✘  1 tests/reliability-smoke.spec.js:55:1 › first-click success: nature explore (1.8s)
  ✘  2 tests/reliability-smoke.spec.js:70:1 › first-click success: nature run command (3.1s)
  ✓  3 tests/reliability-smoke.spec.js:83:1 › first-click success: bike refresh (2.6s)
  ✓  4 tests/reliability-smoke.spec.js:102:1 › hidden overlay probe catches interception (1.1s)


  1) tests/reliability-smoke.spec.js:55:1 › first-click success: nature explore ────────────────────

    Error: [2mexpect([22m[31mreceived[39m[2m).[22mtoBeTruthy[2m()[22m

    Received: [31mfalse[39m

      65 |   recordCheck('first-click:nature-explore', explorerActive, { explorerActive });
      66 |
    > 67 |   expect(explorerActive).toBeTruthy();
         |                          ^
      68 | });
      69 |
      70 | test('first-click success: nature run command', async ({ page }) => {
        at /Users/kylechavez/WebstormProjects/kylesadventureplanner/tests/reliability-smoke.spec.js:67:26

    Error Context: test-results/reliability-smoke-first-click-success-nature-explore/error-context.md

    Error Context: test-results/reliability-smoke-first-click-success-nature-explore/error-context.md

  2) tests/reliability-smoke.spec.js:70:1 › first-click success: nature run command ────────────────

    Error: [2mexpect([22m[31mreceived[39m[2m).[22mtoBeTruthy[2m()[22m

    Received: [31mfalse[39m

      78 |   });
      79 |   recordCheck('first-click:nature-run', runActive, { runActive });
    > 80 |   expect(runActive).toBeTruthy();
         |                     ^
      81 | });
      82 |
      83 | test('first-click success: bike refresh', async ({ page }) => {
        at /Users/kylechavez/WebstormProjects/kylesadventureplanner/tests/reliability-smoke.spec.js:80:21

    Error Context: test-results/reliability-smoke-first-click-success-nature-run-command/error-context.md

    Error Context: test-results/reliability-smoke-first-click-success-nature-run-command/error-context.md

  2 failed
    tests/reliability-smoke.spec.js:55:1 › first-click success: nature explore ─────────────────────
    tests/reliability-smoke.spec.js:70:1 › first-click success: nature run command ─────────────────
  2 passed (38.2s)
