
Running 20 tests using 1 worker

  ✓   1 tests/reliability-smoke.spec.js:182:1 › nature explore remains responsive across repeated tab switches (14.9s)
  ✓   2 tests/reliability-smoke.spec.js:182:1 › nature explore remains responsive across repeated tab switches (14.1s)
  ✓   3 tests/reliability-smoke.spec.js:182:1 › nature explore remains responsive across repeated tab switches (14.0s)
  ✓   4 tests/reliability-smoke.spec.js:182:1 › nature explore remains responsive across repeated tab switches (14.1s)
  ✓   5 tests/reliability-smoke.spec.js:182:1 › nature explore remains responsive across repeated tab switches (14.7s)
  ✓   6 tests/reliability-smoke.spec.js:182:1 › nature explore remains responsive across repeated tab switches (14.8s)
  ✓   7 tests/reliability-smoke.spec.js:182:1 › nature explore remains responsive across repeated tab switches (14.3s)
  ✓   8 tests/reliability-smoke.spec.js:182:1 › nature explore remains responsive across repeated tab switches (14.4s)
  ✓   9 tests/reliability-smoke.spec.js:182:1 › nature explore remains responsive across repeated tab switches (14.4s)
  ✓  10 tests/reliability-smoke.spec.js:182:1 › nature explore remains responsive across repeated tab switches (14.3s)
  ✓  11 tests/reliability-smoke.spec.js:182:1 › nature explore remains responsive across repeated tab switches (14.0s)
  ✓  12 tests/reliability-smoke.spec.js:182:1 › nature explore remains responsive across repeated tab switches (14.5s)
  ✓  13 tests/reliability-smoke.spec.js:182:1 › nature explore remains responsive across repeated tab switches (15.7s)
  ✓  14 tests/reliability-smoke.spec.js:182:1 › nature explore remains responsive across repeated tab switches (14.2s)
  ✘  15 tests/reliability-smoke.spec.js:182:1 › nature explore remains responsive across repeated tab switches (1.0m)
  ✓  16 tests/reliability-smoke.spec.js:182:1 › nature explore remains responsive across repeated tab switches (14.7s)
  ✓  17 tests/reliability-smoke.spec.js:182:1 › nature explore remains responsive across repeated tab switches (14.7s)
  ✘  18 tests/reliability-smoke.spec.js:182:1 › nature explore remains responsive across repeated tab switches (1.0m)
  ✓  19 tests/reliability-smoke.spec.js:182:1 › nature explore remains responsive across repeated tab switches (15.1s)
  ✓  20 tests/reliability-smoke.spec.js:182:1 › nature explore remains responsive across repeated tab switches (14.3s)


  1) tests/reliability-smoke.spec.js:182:1 › nature explore remains responsive across repeated tab switches 

    [31mTest timeout of 60000ms exceeded.[39m

    Error: [2mexpect([22m[31mreceived[39m[2m).[22mtoBeTruthy[2m()[22m

    Received: [31mfalse[39m

      213 |
      214 |   recordCheck('repeat:nature-explore-tab-switches', passed, { iterations });
    > 215 |   expect(passed).toBeTruthy();
          |                  ^
      216 | });
      217 |
      218 | test('update banner exposes version diff and records telemetry counters', async ({ page }) => {
        at /Users/kylechavez/WebstormProjects/kylesadventureplanner/tests/reliability-smoke.spec.js:215:18

    Error Context: test-results/reliability-smoke-nature-e-239cd-cross-repeated-tab-switches-repeat14/error-context.md

    Error Context: test-results/reliability-smoke-nature-e-239cd-cross-repeated-tab-switches-repeat14/error-context.md

  2) tests/reliability-smoke.spec.js:182:1 › nature explore remains responsive across repeated tab switches 

    [31mTest timeout of 60000ms exceeded.[39m

    Error: [2mexpect([22m[31mreceived[39m[2m).[22mtoBeTruthy[2m()[22m

    Received: [31mfalse[39m

      213 |
      214 |   recordCheck('repeat:nature-explore-tab-switches', passed, { iterations });
    > 215 |   expect(passed).toBeTruthy();
          |                  ^
      216 | });
      217 |
      218 | test('update banner exposes version diff and records telemetry counters', async ({ page }) => {
        at /Users/kylechavez/WebstormProjects/kylesadventureplanner/tests/reliability-smoke.spec.js:215:18

    Error Context: test-results/reliability-smoke-nature-e-239cd-cross-repeated-tab-switches-repeat17/error-context.md

    Error Context: test-results/reliability-smoke-nature-e-239cd-cross-repeated-tab-switches-repeat17/error-context.md

  2 failed
    tests/reliability-smoke.spec.js:182:1 › nature explore remains responsive across repeated tab switches 
    tests/reliability-smoke.spec.js:182:1 › nature explore remains responsive across repeated tab switches 
  18 passed (10.1m)
