
> kylesadventureplanner-reliability@1.0.0 reliability:smoke
> playwright test tests/reliability-smoke.spec.js tests/bulk-tag-undo-edge-cases.spec.js tests/adventure-achievements-smoke.spec.js tests/adventure-subtabs-smoke.spec.js tests/adventure-explorer-inpane-details.spec.js tests/adventure-inline-tools-roundtrip.spec.js tests/edit-mode-global.spec.js tests/app-backup-flow.spec.js tests/nature-log-ux.spec.js tests/nature-map-context.spec.js tests/nature-subtabs-smoke.spec.js tests/nature-inat-import.spec.js tests/nature-inat-mapping-modal.spec.js


Running 58 tests using 5 workers

  ✓   1 tests/adventure-subtabs-smoke.spec.js:105:3 › Adventure Challenge new subtabs smoke › legacy top header controls are removed from Adventure Challenge (4.3s)
  ✓   3 tests/adventure-achievements-smoke.spec.js:27:5 › Adventure achievements dashboard smoke › renders achievement sections for outdoors (1.6s)
  ✓   4 tests/app-backup-flow.spec.js:9:3 › App backup flow › opens dedicated backup page from header button (1.9s)
  ✓   6 tests/adventure-subtabs-smoke.spec.js:111:3 › Adventure Challenge new subtabs smoke › default Outdoors pane uses Nature-style status pills (1.9s)
  ✓   7 tests/adventure-achievements-smoke.spec.js:27:5 › Adventure achievements dashboard smoke › renders achievement sections for entertainment (1.6s)
  ✓   8 tests/app-backup-flow.spec.js:23:3 › App backup flow › back button returns to previously active tab (1.7s)
  ✓   5 tests/adventure-inline-tools-roundtrip.spec.js:41:3 › Adventure inline tools roundtrip › City Explorer inline opens and back returns to overview (4.4s)
  ✓   9 tests/adventure-subtabs-smoke.spec.js:117:3 › Adventure Challenge new subtabs smoke › adventure achievement sections keep sticky section-header style hook (1.9s)
  ✓  10 tests/adventure-achievements-smoke.spec.js:27:5 › Adventure achievements dashboard smoke › renders achievement sections for food-drink (1.9s)
  ✓   2 tests/adventure-explorer-inpane-details.spec.js:136:3 › Adventure explorer in-pane details flow › opens details in-pane, shows richer fields, and returns to list (6.7s)
  ✓  13 tests/adventure-subtabs-smoke.spec.js:129:3 › Adventure Challenge new subtabs smoke › jump links hide while Outdoors explorer view is open (1.7s)
  ✓  14 tests/adventure-achievements-smoke.spec.js:27:5 › Adventure achievements dashboard smoke › renders achievement sections for retail (1.8s)
  ✓  15 tests/bulk-tag-undo-edge-cases.spec.js:9:1 › bulk tag undo preserves snapshot-cap behavior for large selections (336ms)
  ✓  18 tests/edit-mode-global.spec.js:32:3 › Edit Mode – global header button › header contains #globalEditModeBtn with correct label and handler (781ms)
  ✓  12 tests/adventure-inline-tools-roundtrip.spec.js:137:3 › Adventure inline tools roundtrip › Edit Mode inline opens and back returns to overview (3.4s)
  ✓  19 tests/edit-mode-global.spec.js:47:3 › Edit Mode – target-table selectors › action target select has all 7 tables (458ms)
  ✓  16 tests/adventure-subtabs-smoke.spec.js:150:3 › Adventure Challenge new subtabs smoke › Outdoors CTA row preserves canonical action order (1.8s)
  ✓  21 tests/edit-mode-global.spec.js:57:3 › Edit Mode – target-table selectors › automation default select has all 7 tables (450ms)
  ✓  17 tests/adventure-achievements-smoke.spec.js:27:5 › Adventure achievements dashboard smoke › renders achievement sections for wildlife-animals (1.8s)
  ✓  23 tests/edit-mode-global.spec.js:65:3 › Edit Mode – target-table selectors › tab-specific target controls show only relevant section (446ms)
  ✓  25 tests/edit-mode-global.spec.js:76:3 › Edit Mode – target-table selectors › status chips update when target changes (511ms)
  ✓  20 tests/nature-inat-import.spec.js:5:3 › Nature iNaturalist import › paste preview + dry run parses rows (2.2s)
  ✓  26 tests/edit-mode-global.spec.js:86:3 › Edit Mode – target-table selectors › tabs switch between Places and Automation panels (490ms)
  ✓  24 tests/adventure-achievements-smoke.spec.js:45:3 › Adventure achievements dashboard smoke › sync mode selector keeps automated matching modes only (1.8s)
  ✓  22 tests/adventure-subtabs-smoke.spec.js:179:5 › Adventure Challenge new subtabs smoke › subtab smoke: Wildlife & Animals (2.2s)
  ✓  30 tests/adventure-subtabs-smoke.spec.js:179:5 › Adventure Challenge new subtabs smoke › subtab smoke: Regional Festivals (1.6s)
  ✓  29 tests/adventure-achievements-smoke.spec.js:89:3 › Adventure achievements dashboard smoke › category totals sync CTA lives in the status row instead of Category Progression (1.9s)
  ✓  28 tests/nature-inat-mapping-modal.spec.js:5:3 › Nature iNaturalist strict mapping modal › shows unmatched rows in strict mapping report (2.9s)
  ✓  27 tests/nature-inat-import.spec.js:33:3 › Nature iNaturalist import › csv upload auto-previews and manual preview remains functional (4.5s)
  ✓  31 tests/adventure-subtabs-smoke.spec.js:179:5 › Adventure Challenge new subtabs smoke › subtab smoke: Retail (2.2s)
  ✓  34 tests/nature-map-context.spec.js:35:3 › Nature map context labels › birds CTA order keeps injected Map between Log and Refresh (1.2s)
  ✓  32 tests/nature-log-ux.spec.js:5:3 › Nature log UX › log form supports typeahead species, location other, and contextual fast-command hints (3.3s)
  ✓  35 tests/nature-subtabs-smoke.spec.js:22:3 › Nature config-driven subtabs smoke › birds diagnostics row is visible (1.3s)
  ✓  11 tests/app-backup-flow.spec.js:35:3 › App backup flow › creates a dated zip backup download (13.7s)
  ✓  38 tests/nature-subtabs-smoke.spec.js:31:3 › Nature config-driven subtabs smoke › global context menu stays hidden and non-interactive by default (1.5s)
  ✓  37 tests/reliability-smoke.spec.js:55:1 › first-click success: nature explore (2.2s)
  ✓  36 tests/nature-map-context.spec.js:70:3 › Nature map context labels › map header/back reflects active nature subtab context (2.8s)
  ✓  33 tests/nature-inat-mapping-modal.spec.js:26:3 › Nature iNaturalist strict mapping modal › applying a suggestion decreases unmatched and increases ready (7.7s)
  ✓  40 tests/reliability-smoke.spec.js:70:1 › first-click success: nature run command (3.8s)
  ✓  41 tests/reliability-smoke.spec.js:83:1 › first-click success: bike refresh (1.5s)
  ✓  42 tests/reliability-smoke.spec.js:102:1 › hidden overlay probe catches interception (1.8s)
  ✓  43 tests/reliability-smoke.spec.js:139:1 › stale row-detail blocker is cleared before nature interactions (3.2s)
  ✓  39 tests/nature-subtabs-smoke.spec.js:55:3 › Nature config-driven subtabs smoke › manual diagnostics console runs probe and writes output (11.8s)
  ✓  45 tests/nature-subtabs-smoke.spec.js:104:3 › Nature config-driven subtabs smoke › birds jump bar renders with expected section buttons (1.8s)
  ✓  46 tests/nature-subtabs-smoke.spec.js:136:3 › Nature config-driven subtabs smoke › birds jump bar hides outside overview and returns on overview (5.4s)
  ✓  47 tests/nature-subtabs-smoke.spec.js:173:3 › Nature config-driven subtabs smoke › docked subtab text-node clicks still activate mammals (1.8s)
  ✓  48 tests/nature-subtabs-smoke.spec.js:200:3 › Nature config-driven subtabs smoke › mammals diagnostics row contains stable labels (1.9s)
  ✓  49 tests/nature-subtabs-smoke.spec.js:209:3 › Nature config-driven subtabs smoke › shrubs subtab is removed from the dock (1.7s)
  ✓  44 tests/reliability-smoke.spec.js:182:1 › nature explore remains responsive across repeated tab switches (13.5s)
  ✓  51 tests/reliability-smoke.spec.js:218:1 › update banner exposes version diff and records telemetry counters (1.6s)
  ✓  50 tests/nature-subtabs-smoke.spec.js:213:3 › Nature config-driven subtabs smoke › nature subtabs expose loading state attributes (1.7s)
  ✓  52 tests/nature-subtabs-smoke.spec.js:219:5 › Nature config-driven subtabs smoke › subtab smoke: Mammals (1.9s)
  ✓  53 tests/nature-subtabs-smoke.spec.js:219:5 › Nature config-driven subtabs smoke › subtab smoke: Reptiles (1.9s)
  ✓  54 tests/nature-subtabs-smoke.spec.js:219:5 › Nature config-driven subtabs smoke › subtab smoke: Amphibians (1.9s)
  ✓  55 tests/nature-subtabs-smoke.spec.js:219:5 › Nature config-driven subtabs smoke › subtab smoke: Insects (1.8s)
  ✓  56 tests/nature-subtabs-smoke.spec.js:219:5 › Nature config-driven subtabs smoke › subtab smoke: Arachnids (1.9s)
  ✓  57 tests/nature-subtabs-smoke.spec.js:219:5 › Nature config-driven subtabs smoke › subtab smoke: Wildflowers (1.8s)
  ✓  58 tests/nature-subtabs-smoke.spec.js:219:5 › Nature config-driven subtabs smoke › subtab smoke: Trees & Shrubs (2.4s)

  58 passed (1.4m)
